<?xml version="1.0" encoding="UTF-8"?>
<coverage generated="1763513139">
  <project timestamp="1763513139" name="Clover Coverage">
    <package name="Galaxon\Math">
      <file name="C:\Users\shaun\Projects\PHP\Galaxon\Math\src\Complex.php">
        <class name="Galaxon\Math\Complex" namespace="Galaxon\Math">
          <metrics complexity="99" methods="41" coveredmethods="41" conditionals="0" coveredconditionals="0" statements="184" coveredstatements="184" elements="225" coveredelements="225"/>
        </class>
        <line num="92" type="method" name="__construct" visibility="public" complexity="1" crap="1" count="127"/>
        <line num="94" type="stmt" count="127"/>
        <line num="95" type="stmt" count="127"/>
        <line num="107" type="method" name="i" visibility="public" complexity="1" crap="1" count="20"/>
        <line num="110" type="stmt" count="20"/>
        <line num="111" type="stmt" count="20"/>
        <line num="120" type="method" name="toComplex" visibility="public" complexity="2" crap="2" count="63"/>
        <line num="122" type="stmt" count="63"/>
        <line num="133" type="method" name="fromPolar" visibility="public" complexity="2" crap="2" count="22"/>
        <line num="136" type="stmt" count="22"/>
        <line num="137" type="stmt" count="1"/>
        <line num="141" type="stmt" count="21"/>
        <line num="144" type="stmt" count="21"/>
        <line num="145" type="stmt" count="21"/>
        <line num="147" type="stmt" count="21"/>
        <line num="164" type="method" name="parse" visibility="public" complexity="11" crap="11" count="33"/>
        <line num="168" type="stmt" count="33"/>
        <line num="171" type="stmt" count="33"/>
        <line num="172" type="stmt" count="1"/>
        <line num="176" type="stmt" count="32"/>
        <line num="177" type="stmt" count="6"/>
        <line num="181" type="stmt" count="28"/>
        <line num="182" type="stmt" count="28"/>
        <line num="184" type="stmt" count="8"/>
        <line num="187" type="stmt" count="8"/>
        <line num="188" type="stmt" count="4"/>
        <line num="191" type="stmt" count="8"/>
        <line num="196" type="stmt" count="23"/>
        <line num="198" type="stmt" count="23"/>
        <line num="200" type="stmt" count="23"/>
        <line num="201" type="stmt" count="10"/>
        <line num="202" type="stmt" count="15"/>
        <line num="203" type="stmt" count="6"/>
        <line num="205" type="stmt" count="9"/>
        <line num="209" type="stmt" count="14"/>
        <line num="212" type="stmt" count="14"/>
        <line num="215" type="stmt" count="14"/>
        <line num="216" type="stmt" count="5"/>
        <line num="218" type="stmt" count="14"/>
        <line num="219" type="stmt" count="6"/>
        <line num="222" type="stmt" count="14"/>
        <line num="234" type="method" name="neg" visibility="public" complexity="1" crap="1" count="2"/>
        <line num="236" type="stmt" count="2"/>
        <line num="245" type="method" name="add" visibility="public" complexity="1" crap="1" count="12"/>
        <line num="248" type="stmt" count="12"/>
        <line num="251" type="stmt" count="12"/>
        <line num="260" type="method" name="sub" visibility="public" complexity="1" crap="1" count="11"/>
        <line num="263" type="stmt" count="11"/>
        <line num="266" type="stmt" count="11"/>
        <line num="276" type="method" name="mul" visibility="public" complexity="1" crap="1" count="25"/>
        <line num="279" type="stmt" count="25"/>
        <line num="282" type="stmt" count="25"/>
        <line num="283" type="stmt" count="25"/>
        <line num="284" type="stmt" count="25"/>
        <line num="285" type="stmt" count="25"/>
        <line num="286" type="stmt" count="25"/>
        <line num="297" type="method" name="div" visibility="public" complexity="2" crap="2" count="24"/>
        <line num="300" type="stmt" count="24"/>
        <line num="303" type="stmt" count="24"/>
        <line num="304" type="stmt" count="2"/>
        <line num="308" type="stmt" count="22"/>
        <line num="309" type="stmt" count="22"/>
        <line num="310" type="stmt" count="22"/>
        <line num="311" type="stmt" count="22"/>
        <line num="312" type="stmt" count="22"/>
        <line num="313" type="stmt" count="22"/>
        <line num="321" type="method" name="inv" visibility="public" complexity="1" crap="1" count="13"/>
        <line num="323" type="stmt" count="13"/>
        <line num="331" type="method" name="conj" visibility="public" complexity="1" crap="1" count="2"/>
        <line num="333" type="stmt" count="2"/>
        <line num="346" type="method" name="ln" visibility="public" complexity="7" crap="7" count="24"/>
        <line num="349" type="stmt" count="24"/>
        <line num="350" type="stmt" count="1"/>
        <line num="354" type="stmt" count="23"/>
        <line num="355" type="stmt" count="7"/>
        <line num="358" type="stmt" count="23"/>
        <line num="359" type="stmt" count="2"/>
        <line num="362" type="stmt" count="22"/>
        <line num="363" type="stmt" count="2"/>
        <line num="366" type="stmt" count="21"/>
        <line num="367" type="stmt" count="1"/>
        <line num="370" type="stmt" count="21"/>
        <line num="371" type="stmt" count="1"/>
        <line num="376" type="stmt" count="20"/>
        <line num="378" type="stmt" count="20"/>
        <line num="379" type="stmt" count="20"/>
        <line num="390" type="method" name="log" visibility="public" complexity="9" crap="9" count="4"/>
        <line num="393" type="stmt" count="4"/>
        <line num="396" type="stmt" count="4"/>
        <line num="397" type="stmt" count="1"/>
        <line num="399" type="stmt" count="3"/>
        <line num="400" type="stmt" count="1"/>
        <line num="404" type="stmt" count="2"/>
        <line num="405" type="stmt" count="1"/>
        <line num="409" type="stmt" count="2"/>
        <line num="410" type="stmt" count="1"/>
        <line num="411" type="stmt" count="1"/>
        <line num="414" type="stmt" count="1"/>
        <line num="415" type="stmt" count="1"/>
        <line num="420" type="stmt" count="2"/>
        <line num="421" type="stmt" count="1"/>
        <line num="425" type="stmt" count="1"/>
        <line num="433" type="method" name="exp" visibility="public" complexity="7" crap="7" count="18"/>
        <line num="436" type="stmt" count="18"/>
        <line num="437" type="stmt" count="6"/>
        <line num="440" type="stmt" count="17"/>
        <line num="441" type="stmt" count="3"/>
        <line num="444" type="stmt" count="16"/>
        <line num="445" type="stmt" count="1"/>
        <line num="448" type="stmt" count="16"/>
        <line num="449" type="stmt" count="1"/>
        <line num="452" type="stmt" count="16"/>
        <line num="453" type="stmt" count="1"/>
        <line num="457" type="stmt" count="15"/>
        <line num="458" type="stmt" count="1"/>
        <line num="462" type="stmt" count="14"/>
        <line num="483" type="method" name="pow" visibility="public" complexity="10" crap="10" count="21"/>
        <line num="486" type="stmt" count="21"/>
        <line num="489" type="stmt" count="21"/>
        <line num="491" type="stmt" count="8"/>
        <line num="492" type="stmt" count="1"/>
        <line num="496" type="stmt" count="7"/>
        <line num="497" type="stmt" count="1"/>
        <line num="501" type="stmt" count="6"/>
        <line num="506" type="stmt" count="1"/>
        <line num="510" type="stmt" count="5"/>
        <line num="514" type="stmt" count="17"/>
        <line num="515" type="stmt" count="1"/>
        <line num="519" type="stmt" count="17"/>
        <line num="520" type="stmt" count="1"/>
        <line num="524" type="stmt" count="17"/>
        <line num="525" type="stmt" count="1"/>
        <line num="529" type="stmt" count="16"/>
        <line num="530" type="stmt" count="1"/>
        <line num="534" type="stmt" count="15"/>
        <line num="545" type="method" name="roots" visibility="public" complexity="4" crap="4" count="4"/>
        <line num="548" type="stmt" count="4"/>
        <line num="549" type="stmt" count="1"/>
        <line num="553" type="stmt" count="3"/>
        <line num="554" type="stmt" count="1"/>
        <line num="558" type="stmt" count="2"/>
        <line num="561" type="stmt" count="2"/>
        <line num="562" type="stmt" count="2"/>
        <line num="563" type="stmt" count="2"/>
        <line num="564" type="stmt" count="2"/>
        <line num="565" type="stmt" count="2"/>
        <line num="566" type="stmt" count="2"/>
        <line num="569" type="stmt" count="2"/>
        <line num="577" type="method" name="sqr" visibility="public" complexity="1" crap="1" count="10"/>
        <line num="579" type="stmt" count="10"/>
        <line num="588" type="method" name="sqrt" visibility="public" complexity="1" crap="1" count="9"/>
        <line num="590" type="stmt" count="9"/>
        <line num="598" type="method" name="cube" visibility="public" complexity="1" crap="1" count="1"/>
        <line num="600" type="stmt" count="1"/>
        <line num="609" type="method" name="cbrt" visibility="public" complexity="1" crap="1" count="1"/>
        <line num="611" type="stmt" count="1"/>
        <line num="624" type="method" name="sin" visibility="public" complexity="1" crap="1" count="14"/>
        <line num="628" type="stmt" count="14"/>
        <line num="629" type="stmt" count="14"/>
        <line num="630" type="stmt" count="14"/>
        <line num="639" type="method" name="cos" visibility="public" complexity="1" crap="1" count="14"/>
        <line num="643" type="stmt" count="14"/>
        <line num="644" type="stmt" count="14"/>
        <line num="645" type="stmt" count="14"/>
        <line num="654" type="method" name="tan" visibility="public" complexity="1" crap="1" count="5"/>
        <line num="657" type="stmt" count="5"/>
        <line num="666" type="method" name="sec" visibility="public" complexity="1" crap="1" count="4"/>
        <line num="669" type="stmt" count="4"/>
        <line num="678" type="method" name="csc" visibility="public" complexity="1" crap="1" count="4"/>
        <line num="681" type="stmt" count="4"/>
        <line num="690" type="method" name="cot" visibility="public" complexity="1" crap="1" count="4"/>
        <line num="693" type="stmt" count="4"/>
        <line num="706" type="method" name="asin" visibility="public" complexity="1" crap="1" count="4"/>
        <line num="710" type="stmt" count="4"/>
        <line num="712" type="stmt" count="4"/>
        <line num="714" type="stmt" count="4"/>
        <line num="723" type="method" name="acos" visibility="public" complexity="1" crap="1" count="4"/>
        <line num="727" type="stmt" count="4"/>
        <line num="729" type="stmt" count="4"/>
        <line num="730" type="stmt" count="4"/>
        <line num="732" type="stmt" count="4"/>
        <line num="741" type="method" name="atan" visibility="public" complexity="1" crap="1" count="4"/>
        <line num="745" type="stmt" count="4"/>
        <line num="747" type="stmt" count="4"/>
        <line num="749" type="stmt" count="4"/>
        <line num="758" type="method" name="asec" visibility="public" complexity="1" crap="1" count="2"/>
        <line num="761" type="stmt" count="2"/>
        <line num="770" type="method" name="acsc" visibility="public" complexity="1" crap="1" count="2"/>
        <line num="773" type="stmt" count="2"/>
        <line num="782" type="method" name="acot" visibility="public" complexity="1" crap="1" count="2"/>
        <line num="785" type="stmt" count="2"/>
        <line num="797" type="method" name="isReal" visibility="public" complexity="1" crap="1" count="40"/>
        <line num="799" type="stmt" count="40"/>
        <line num="809" type="method" name="equals" visibility="public" complexity="5" crap="5" count="57"/>
        <line num="813" type="stmt" count="57"/>
        <line num="814" type="stmt" count="53"/>
        <line num="815" type="stmt" count="23"/>
        <line num="816" type="stmt" count="1"/>
        <line num="820" type="stmt" count="56"/>
        <line num="821" type="stmt" count="56"/>
        <line num="833" type="method" name="__toString" visibility="public" complexity="7" crap="7" count="3"/>
        <line num="837" type="stmt" count="3"/>
        <line num="838" type="stmt" count="1"/>
        <line num="842" type="stmt" count="2"/>
        <line num="843" type="stmt" count="1"/>
        <line num="844" type="stmt" count="1"/>
        <line num="846" type="stmt" count="1"/>
        <line num="847" type="stmt" count="1"/>
        <line num="849" type="stmt" count="1"/>
        <line num="853" type="stmt" count="1"/>
        <line num="854" type="stmt" count="1"/>
        <line num="855" type="stmt" count="1"/>
        <line num="856" type="stmt" count="1"/>
        <line num="864" type="method" name="toArray" visibility="public" complexity="1" crap="1" count="1"/>
        <line num="866" type="stmt" count="1"/>
        <line num="879" type="method" name="offsetExists" visibility="public" complexity="2" crap="2" count="3"/>
        <line num="882" type="stmt" count="3"/>
        <line num="892" type="method" name="offsetGet" visibility="public" complexity="3" crap="3" count="2"/>
        <line num="896" type="stmt" count="2"/>
        <line num="897" type="stmt" count="1"/>
        <line num="901" type="stmt" count="1"/>
        <line num="912" type="method" name="offsetSet" visibility="public" complexity="1" crap="1" count="1"/>
        <line num="915" type="stmt" count="1"/>
        <line num="925" type="method" name="offsetUnset" visibility="public" complexity="1" crap="1" count="1"/>
        <line num="928" type="stmt" count="1"/>
        <metrics loc="931" ncloc="522" classes="1" methods="41" coveredmethods="41" conditionals="0" coveredconditionals="0" statements="184" coveredstatements="184" elements="225" coveredelements="225"/>
      </file>
      <file name="C:\Users\shaun\Projects\PHP\Galaxon\Math\src\Rational.php">
        <class name="Galaxon\Math\Rational" namespace="Galaxon\Math">
          <metrics complexity="85" methods="21" coveredmethods="20" conditionals="0" coveredconditionals="0" statements="169" coveredstatements="167" elements="190" coveredelements="187"/>
        </class>
        <line num="69" type="method" name="__construct" visibility="public" complexity="14" crap="14" count="76"/>
        <line num="72" type="stmt" count="76"/>
        <line num="73" type="stmt" count="3"/>
        <line num="77" type="stmt" count="73"/>
        <line num="78" type="stmt" count="4"/>
        <line num="82" type="stmt" count="69"/>
        <line num="83" type="stmt" count="69"/>
        <line num="87" type="stmt" count="69"/>
        <line num="89" type="stmt" count="1"/>
        <line num="91" type="stmt" count="69"/>
        <line num="93" type="stmt" count="1"/>
        <line num="97" type="stmt" count="69"/>
        <line num="98" type="stmt" count="69"/>
        <line num="101" type="stmt" count="65"/>
        <line num="102" type="stmt" count="2"/>
        <line num="104" type="stmt" count="2"/>
        <line num="107" type="stmt" count="6"/>
        <line num="111" type="stmt" count="69"/>
        <line num="112" type="stmt" count="8"/>
        <line num="116" type="stmt" count="67"/>
        <line num="117" type="stmt" count="67"/>
        <line num="145" type="method" name="parse" visibility="public" complexity="6" crap="6" count="8"/>
        <line num="148" type="stmt" count="8"/>
        <line num="149" type="stmt" count="8"/>
        <line num="150" type="stmt" count="1"/>
        <line num="154" type="stmt" count="7"/>
        <line num="155" type="stmt" count="7"/>
        <line num="156" type="stmt" count="1"/>
        <line num="160" type="stmt" count="6"/>
        <line num="161" type="stmt" count="6"/>
        <line num="162" type="stmt" count="3"/>
        <line num="163" type="stmt" count="3"/>
        <line num="164" type="stmt" count="3"/>
        <line num="165" type="stmt" count="3"/>
        <line num="169" type="stmt" count="3"/>
        <line num="183" type="method" name="toRational" visibility="public" complexity="3" crap="3" count="17"/>
        <line num="186" type="stmt" count="17"/>
        <line num="187" type="stmt" count="8"/>
        <line num="191" type="stmt" count="11"/>
        <line num="192" type="stmt" count="2"/>
        <line num="196" type="stmt" count="9"/>
        <line num="208" type="method" name="toFloat" visibility="public" complexity="1" crap="1" count="8"/>
        <line num="210" type="stmt" count="8"/>
        <line num="218" type="method" name="toInt" visibility="public" complexity="1" crap="1" count="1"/>
        <line num="220" type="stmt" count="1"/>
        <line num="228" type="method" name="__toString" visibility="public" complexity="2" crap="2" count="3"/>
        <line num="231" type="stmt" count="3"/>
        <line num="243" type="method" name="neg" visibility="public" complexity="1" crap="1" count="3"/>
        <line num="245" type="stmt" count="3"/>
        <line num="255" type="method" name="add" visibility="public" complexity="1" crap="1" count="6"/>
        <line num="257" type="stmt" count="6"/>
        <line num="260" type="stmt" count="6"/>
        <line num="261" type="stmt" count="6"/>
        <line num="262" type="stmt" count="6"/>
        <line num="263" type="stmt" count="6"/>
        <line num="265" type="stmt" count="6"/>
        <line num="275" type="method" name="sub" visibility="public" complexity="1" crap="1" count="2"/>
        <line num="277" type="stmt" count="2"/>
        <line num="278" type="stmt" count="2"/>
        <line num="286" type="method" name="inv" visibility="public" complexity="3" crap="3" count="5"/>
        <line num="289" type="stmt" count="5"/>
        <line num="290" type="stmt" count="1"/>
        <line num="294" type="stmt" count="4"/>
        <line num="295" type="stmt" count="4"/>
        <line num="296" type="stmt" count="4"/>
        <line num="306" type="method" name="mul" visibility="public" complexity="1" crap="1" count="5"/>
        <line num="308" type="stmt" count="5"/>
        <line num="313" type="stmt" count="5"/>
        <line num="314" type="stmt" count="5"/>
        <line num="316" type="stmt" count="5"/>
        <line num="317" type="stmt" count="5"/>
        <line num="318" type="stmt" count="5"/>
        <line num="319" type="stmt" count="5"/>
        <line num="322" type="stmt" count="5"/>
        <line num="323" type="stmt" count="5"/>
        <line num="325" type="stmt" count="5"/>
        <line num="336" type="method" name="div" visibility="public" complexity="2" crap="2" count="3"/>
        <line num="339" type="stmt" count="3"/>
        <line num="340" type="stmt" count="3"/>
        <line num="341" type="stmt" count="1"/>
        <line num="344" type="stmt" count="2"/>
        <line num="355" type="method" name="pow" visibility="public" complexity="5" crap="5" count="5"/>
        <line num="359" type="stmt" count="5"/>
        <line num="360" type="stmt" count="1"/>
        <line num="364" type="stmt" count="4"/>
        <line num="366" type="stmt" count="2"/>
        <line num="367" type="stmt" count="1"/>
        <line num="371" type="stmt" count="1"/>
        <line num="375" type="stmt" count="2"/>
        <line num="376" type="stmt" count="1"/>
        <line num="380" type="stmt" count="2"/>
        <line num="381" type="stmt" count="2"/>
        <line num="384" type="stmt" count="2"/>
        <line num="392" type="method" name="abs" visibility="public" complexity="1" crap="1" count="1"/>
        <line num="394" type="stmt" count="1"/>
        <line num="402" type="method" name="floor" visibility="public" complexity="3" crap="3" count="1"/>
        <line num="404" type="stmt" count="1"/>
        <line num="405" type="stmt" count="1"/>
        <line num="407" type="stmt" count="1"/>
        <line num="408" type="stmt" count="1"/>
        <line num="416" type="method" name="ceil" visibility="public" complexity="3" crap="3" count="1"/>
        <line num="418" type="stmt" count="1"/>
        <line num="419" type="stmt" count="1"/>
        <line num="421" type="stmt" count="1"/>
        <line num="422" type="stmt" count="1"/>
        <line num="433" type="method" name="round" visibility="public" complexity="4" crap="4" count="1"/>
        <line num="435" type="stmt" count="1"/>
        <line num="436" type="stmt" count="1"/>
        <line num="439" type="stmt" count="1"/>
        <line num="440" type="stmt" count="1"/>
        <line num="443" type="stmt" count="1"/>
        <line num="444" type="stmt" count="1"/>
        <line num="446" type="stmt" count="1"/>
        <line num="449" type="stmt" count="1"/>
        <line num="465" type="method" name="compare" visibility="public" complexity="12" crap="12" count="22"/>
        <line num="469" type="stmt" count="22"/>
        <line num="470" type="stmt" count="2"/>
        <line num="474" type="stmt" count="20"/>
        <line num="475" type="stmt" count="2"/>
        <line num="479" type="stmt" count="20"/>
        <line num="480" type="stmt" count="1"/>
        <line num="485" type="stmt" count="20"/>
        <line num="486" type="stmt" count="4"/>
        <line num="487" type="stmt" count="4"/>
        <line num="490" type="stmt" count="16"/>
        <line num="492" type="stmt" count="11"/>
        <line num="493" type="stmt" count="11"/>
        <line num="497" type="stmt" count="11"/>
        <line num="498" type="stmt" count="11"/>
        <line num="499" type="stmt" count="1"/>
        <line num="504" type="stmt" count="1"/>
        <line num="505" type="stmt" count="1"/>
        <line num="512" type="stmt" count="20"/>
        <line num="521" type="method" name="equals" visibility="public" complexity="2" crap="2" count="6"/>
        <line num="525" type="stmt" count="6"/>
        <line num="526" type="stmt" count="1"/>
        <line num="527" type="stmt" count="1"/>
        <line num="543" type="method" name="simplify" visibility="private" complexity="6" crap="6" count="65"/>
        <line num="546" type="stmt" count="65"/>
        <line num="547" type="stmt" count="13"/>
        <line num="551" type="stmt" count="61"/>
        <line num="552" type="stmt" count="6"/>
        <line num="556" type="stmt" count="60"/>
        <line num="557" type="stmt" count="1"/>
        <line num="561" type="stmt" count="59"/>
        <line num="564" type="stmt" count="57"/>
        <line num="566" type="stmt" count="10"/>
        <line num="567" type="stmt" count="10"/>
        <line num="571" type="stmt" count="57"/>
        <line num="594" type="method" name="floatToRatio" visibility="public" complexity="13" crap="13" count="20"/>
        <line num="597" type="stmt" count="20"/>
        <line num="598" type="stmt" count="3"/>
        <line num="602" type="stmt" count="17"/>
        <line num="603" type="stmt" count="1"/>
        <line num="607" type="stmt" count="16"/>
        <line num="608" type="stmt" count="16"/>
        <line num="609" type="stmt" count="16"/>
        <line num="612" type="stmt" count="16"/>
        <line num="613" type="stmt" count="2"/>
        <line num="617" type="stmt" count="14"/>
        <line num="618" type="stmt" count="14"/>
        <line num="619" type="stmt" count="14"/>
        <line num="620" type="stmt" count="14"/>
        <line num="623" type="stmt" count="14"/>
        <line num="624" type="stmt" count="14"/>
        <line num="625" type="stmt" count="14"/>
        <line num="628" type="stmt" count="14"/>
        <line num="631" type="stmt" count="14"/>
        <line num="633" type="stmt" count="14"/>
        <line num="637" type="stmt" count="14"/>
        <line num="638" type="stmt" count="3"/>
        <line num="642" type="stmt" count="12"/>
        <line num="643" type="stmt" count="12"/>
        <line num="646" type="stmt" count="12"/>
        <line num="647" type="stmt" count="0"/>
        <line num="651" type="stmt" count="12"/>
        <line num="652" type="stmt" count="12"/>
        <line num="653" type="stmt" count="11"/>
        <line num="657" type="stmt" count="12"/>
        <line num="658" type="stmt" count="4"/>
        <line num="659" type="stmt" count="4"/>
        <line num="660" type="stmt" count="4"/>
        <line num="664" type="stmt" count="12"/>
        <line num="665" type="stmt" count="12"/>
        <line num="666" type="stmt" count="12"/>
        <line num="667" type="stmt" count="12"/>
        <line num="670" type="stmt" count="12"/>
        <line num="673" type="stmt" count="12"/>
        <line num="674" type="stmt" count="0"/>
        <line num="678" type="stmt" count="12"/>
        <metrics loc="684" ncloc="401" classes="1" methods="21" coveredmethods="20" conditionals="0" coveredconditionals="0" statements="169" coveredstatements="167" elements="190" coveredelements="187"/>
      </file>
    </package>
    <metrics files="2" loc="1615" ncloc="923" classes="2" methods="62" coveredmethods="61" conditionals="0" coveredconditionals="0" statements="353" coveredstatements="351" elements="415" coveredelements="412"/>
  </project>
</coverage>
