<?xml version="1.0" encoding="UTF-8"?>
<coverage generated="1763788671">
  <project timestamp="1763788671" name="Clover Coverage">
    <package name="Galaxon\Math">
      <file name="C:\Users\shaun\Projects\PHP\Galaxon\Math\src\Complex.php">
        <class name="Galaxon\Math\Complex" namespace="Galaxon\Math">
          <metrics complexity="113" methods="53" coveredmethods="53" conditionals="0" coveredconditionals="0" statements="208" coveredstatements="208" elements="261" coveredelements="261"/>
        </class>
        <line num="102" type="method" name="__construct" visibility="public" complexity="1" crap="1" count="175"/>
        <line num="104" type="stmt" count="175"/>
        <line num="105" type="stmt" count="175"/>
        <line num="117" type="method" name="i" visibility="public" complexity="1" crap="1" count="29"/>
        <line num="120" type="stmt" count="29"/>
        <line num="121" type="stmt" count="29"/>
        <line num="130" type="method" name="toComplex" visibility="private" complexity="2" crap="2" count="82"/>
        <line num="132" type="stmt" count="82"/>
        <line num="143" type="method" name="fromPolar" visibility="public" complexity="3" crap="3" count="44"/>
        <line num="146" type="stmt" count="44"/>
        <line num="147" type="stmt" count="1"/>
        <line num="151" type="stmt" count="43"/>
        <line num="152" type="stmt" count="4"/>
        <line num="156" type="stmt" count="43"/>
        <line num="159" type="stmt" count="43"/>
        <line num="160" type="stmt" count="43"/>
        <line num="162" type="stmt" count="43"/>
        <line num="179" type="method" name="parse" visibility="public" complexity="11" crap="11" count="33"/>
        <line num="183" type="stmt" count="33"/>
        <line num="186" type="stmt" count="33"/>
        <line num="187" type="stmt" count="1"/>
        <line num="191" type="stmt" count="32"/>
        <line num="192" type="stmt" count="6"/>
        <line num="196" type="stmt" count="28"/>
        <line num="197" type="stmt" count="28"/>
        <line num="199" type="stmt" count="8"/>
        <line num="202" type="stmt" count="8"/>
        <line num="203" type="stmt" count="4"/>
        <line num="206" type="stmt" count="8"/>
        <line num="211" type="stmt" count="23"/>
        <line num="213" type="stmt" count="23"/>
        <line num="215" type="stmt" count="23"/>
        <line num="216" type="stmt" count="10"/>
        <line num="217" type="stmt" count="15"/>
        <line num="218" type="stmt" count="6"/>
        <line num="220" type="stmt" count="9"/>
        <line num="224" type="stmt" count="14"/>
        <line num="227" type="stmt" count="14"/>
        <line num="230" type="stmt" count="14"/>
        <line num="231" type="stmt" count="5"/>
        <line num="233" type="stmt" count="14"/>
        <line num="234" type="stmt" count="6"/>
        <line num="237" type="stmt" count="14"/>
        <line num="249" type="method" name="neg" visibility="public" complexity="1" crap="1" count="2"/>
        <line num="251" type="stmt" count="2"/>
        <line num="260" type="method" name="add" visibility="public" complexity="1" crap="1" count="24"/>
        <line num="263" type="stmt" count="24"/>
        <line num="266" type="stmt" count="24"/>
        <line num="275" type="method" name="sub" visibility="public" complexity="1" crap="1" count="20"/>
        <line num="278" type="stmt" count="20"/>
        <line num="281" type="stmt" count="20"/>
        <line num="291" type="method" name="mul" visibility="public" complexity="1" crap="1" count="39"/>
        <line num="294" type="stmt" count="39"/>
        <line num="297" type="stmt" count="39"/>
        <line num="298" type="stmt" count="39"/>
        <line num="299" type="stmt" count="39"/>
        <line num="300" type="stmt" count="39"/>
        <line num="301" type="stmt" count="39"/>
        <line num="312" type="method" name="div" visibility="public" complexity="2" crap="2" count="41"/>
        <line num="315" type="stmt" count="41"/>
        <line num="318" type="stmt" count="41"/>
        <line num="319" type="stmt" count="2"/>
        <line num="323" type="stmt" count="39"/>
        <line num="324" type="stmt" count="39"/>
        <line num="325" type="stmt" count="39"/>
        <line num="326" type="stmt" count="39"/>
        <line num="327" type="stmt" count="39"/>
        <line num="328" type="stmt" count="39"/>
        <line num="336" type="method" name="inv" visibility="public" complexity="1" crap="1" count="24"/>
        <line num="338" type="stmt" count="24"/>
        <line num="346" type="method" name="conj" visibility="public" complexity="1" crap="1" count="2"/>
        <line num="348" type="stmt" count="2"/>
        <line num="361" type="method" name="ln" visibility="public" complexity="7" crap="7" count="37"/>
        <line num="364" type="stmt" count="37"/>
        <line num="365" type="stmt" count="1"/>
        <line num="369" type="stmt" count="36"/>
        <line num="370" type="stmt" count="12"/>
        <line num="373" type="stmt" count="35"/>
        <line num="374" type="stmt" count="5"/>
        <line num="377" type="stmt" count="34"/>
        <line num="378" type="stmt" count="2"/>
        <line num="381" type="stmt" count="33"/>
        <line num="382" type="stmt" count="1"/>
        <line num="385" type="stmt" count="33"/>
        <line num="386" type="stmt" count="1"/>
        <line num="391" type="stmt" count="32"/>
        <line num="393" type="stmt" count="32"/>
        <line num="394" type="stmt" count="32"/>
        <line num="405" type="method" name="log" visibility="public" complexity="9" crap="9" count="4"/>
        <line num="408" type="stmt" count="4"/>
        <line num="411" type="stmt" count="4"/>
        <line num="412" type="stmt" count="1"/>
        <line num="414" type="stmt" count="3"/>
        <line num="415" type="stmt" count="1"/>
        <line num="419" type="stmt" count="2"/>
        <line num="420" type="stmt" count="1"/>
        <line num="424" type="stmt" count="2"/>
        <line num="425" type="stmt" count="1"/>
        <line num="426" type="stmt" count="1"/>
        <line num="429" type="stmt" count="1"/>
        <line num="430" type="stmt" count="1"/>
        <line num="435" type="stmt" count="2"/>
        <line num="436" type="stmt" count="1"/>
        <line num="440" type="stmt" count="1"/>
        <line num="448" type="method" name="exp" visibility="public" complexity="8" crap="8" count="27"/>
        <line num="451" type="stmt" count="27"/>
        <line num="452" type="stmt" count="10"/>
        <line num="455" type="stmt" count="25"/>
        <line num="456" type="stmt" count="3"/>
        <line num="459" type="stmt" count="24"/>
        <line num="460" type="stmt" count="1"/>
        <line num="463" type="stmt" count="24"/>
        <line num="464" type="stmt" count="1"/>
        <line num="467" type="stmt" count="24"/>
        <line num="468" type="stmt" count="1"/>
        <line num="472" type="stmt" count="23"/>
        <line num="473" type="stmt" count="1"/>
        <line num="477" type="stmt" count="23"/>
        <line num="478" type="stmt" count="3"/>
        <line num="482" type="stmt" count="21"/>
        <line num="503" type="method" name="pow" visibility="public" complexity="10" crap="10" count="30"/>
        <line num="506" type="stmt" count="30"/>
        <line num="509" type="stmt" count="30"/>
        <line num="511" type="stmt" count="11"/>
        <line num="512" type="stmt" count="1"/>
        <line num="516" type="stmt" count="10"/>
        <line num="517" type="stmt" count="1"/>
        <line num="521" type="stmt" count="9"/>
        <line num="526" type="stmt" count="1"/>
        <line num="530" type="stmt" count="8"/>
        <line num="534" type="stmt" count="26"/>
        <line num="535" type="stmt" count="1"/>
        <line num="539" type="stmt" count="26"/>
        <line num="540" type="stmt" count="1"/>
        <line num="544" type="stmt" count="26"/>
        <line num="545" type="stmt" count="1"/>
        <line num="549" type="stmt" count="25"/>
        <line num="550" type="stmt" count="1"/>
        <line num="554" type="stmt" count="24"/>
        <line num="565" type="method" name="roots" visibility="public" complexity="4" crap="4" count="4"/>
        <line num="568" type="stmt" count="4"/>
        <line num="569" type="stmt" count="1"/>
        <line num="573" type="stmt" count="3"/>
        <line num="574" type="stmt" count="1"/>
        <line num="578" type="stmt" count="2"/>
        <line num="581" type="stmt" count="2"/>
        <line num="582" type="stmt" count="2"/>
        <line num="583" type="stmt" count="2"/>
        <line num="584" type="stmt" count="2"/>
        <line num="585" type="stmt" count="2"/>
        <line num="586" type="stmt" count="2"/>
        <line num="589" type="stmt" count="2"/>
        <line num="597" type="method" name="sqr" visibility="public" complexity="1" crap="1" count="19"/>
        <line num="599" type="stmt" count="19"/>
        <line num="608" type="method" name="sqrt" visibility="public" complexity="1" crap="1" count="17"/>
        <line num="610" type="stmt" count="17"/>
        <line num="618" type="method" name="cube" visibility="public" complexity="1" crap="1" count="1"/>
        <line num="620" type="stmt" count="1"/>
        <line num="629" type="method" name="cbrt" visibility="public" complexity="1" crap="1" count="1"/>
        <line num="631" type="stmt" count="1"/>
        <line num="644" type="method" name="sin" visibility="public" complexity="1" crap="1" count="14"/>
        <line num="648" type="stmt" count="14"/>
        <line num="649" type="stmt" count="14"/>
        <line num="650" type="stmt" count="14"/>
        <line num="659" type="method" name="cos" visibility="public" complexity="1" crap="1" count="14"/>
        <line num="663" type="stmt" count="14"/>
        <line num="664" type="stmt" count="14"/>
        <line num="665" type="stmt" count="14"/>
        <line num="674" type="method" name="tan" visibility="public" complexity="1" crap="1" count="5"/>
        <line num="677" type="stmt" count="5"/>
        <line num="686" type="method" name="sec" visibility="public" complexity="1" crap="1" count="4"/>
        <line num="689" type="stmt" count="4"/>
        <line num="698" type="method" name="csc" visibility="public" complexity="1" crap="1" count="4"/>
        <line num="701" type="stmt" count="4"/>
        <line num="710" type="method" name="cot" visibility="public" complexity="1" crap="1" count="4"/>
        <line num="713" type="stmt" count="4"/>
        <line num="726" type="method" name="asin" visibility="public" complexity="1" crap="1" count="4"/>
        <line num="730" type="stmt" count="4"/>
        <line num="732" type="stmt" count="4"/>
        <line num="734" type="stmt" count="4"/>
        <line num="743" type="method" name="acos" visibility="public" complexity="1" crap="1" count="4"/>
        <line num="747" type="stmt" count="4"/>
        <line num="749" type="stmt" count="4"/>
        <line num="750" type="stmt" count="4"/>
        <line num="752" type="stmt" count="4"/>
        <line num="761" type="method" name="atan" visibility="public" complexity="1" crap="1" count="4"/>
        <line num="765" type="stmt" count="4"/>
        <line num="767" type="stmt" count="4"/>
        <line num="769" type="stmt" count="4"/>
        <line num="778" type="method" name="asec" visibility="public" complexity="1" crap="1" count="2"/>
        <line num="781" type="stmt" count="2"/>
        <line num="790" type="method" name="acsc" visibility="public" complexity="1" crap="1" count="2"/>
        <line num="793" type="stmt" count="2"/>
        <line num="802" type="method" name="acot" visibility="public" complexity="1" crap="1" count="2"/>
        <line num="805" type="stmt" count="2"/>
        <line num="818" type="method" name="sinh" visibility="public" complexity="1" crap="1" count="14"/>
        <line num="822" type="stmt" count="14"/>
        <line num="823" type="stmt" count="14"/>
        <line num="824" type="stmt" count="14"/>
        <line num="833" type="method" name="cosh" visibility="public" complexity="1" crap="1" count="14"/>
        <line num="837" type="stmt" count="14"/>
        <line num="838" type="stmt" count="14"/>
        <line num="839" type="stmt" count="14"/>
        <line num="848" type="method" name="tanh" visibility="public" complexity="1" crap="1" count="4"/>
        <line num="851" type="stmt" count="4"/>
        <line num="860" type="method" name="sech" visibility="public" complexity="1" crap="1" count="4"/>
        <line num="863" type="stmt" count="4"/>
        <line num="872" type="method" name="csch" visibility="public" complexity="1" crap="1" count="4"/>
        <line num="875" type="stmt" count="4"/>
        <line num="884" type="method" name="coth" visibility="public" complexity="1" crap="1" count="4"/>
        <line num="887" type="stmt" count="4"/>
        <line num="900" type="method" name="asinh" visibility="public" complexity="1" crap="1" count="4"/>
        <line num="903" type="stmt" count="4"/>
        <line num="904" type="stmt" count="4"/>
        <line num="913" type="method" name="acosh" visibility="public" complexity="1" crap="1" count="4"/>
        <line num="916" type="stmt" count="4"/>
        <line num="917" type="stmt" count="4"/>
        <line num="926" type="method" name="atanh" visibility="public" complexity="1" crap="1" count="4"/>
        <line num="929" type="stmt" count="4"/>
        <line num="930" type="stmt" count="4"/>
        <line num="931" type="stmt" count="4"/>
        <line num="940" type="method" name="asech" visibility="public" complexity="1" crap="1" count="2"/>
        <line num="943" type="stmt" count="2"/>
        <line num="952" type="method" name="acsch" visibility="public" complexity="1" crap="1" count="2"/>
        <line num="955" type="stmt" count="2"/>
        <line num="964" type="method" name="acoth" visibility="public" complexity="1" crap="1" count="2"/>
        <line num="967" type="stmt" count="2"/>
        <line num="979" type="method" name="isReal" visibility="public" complexity="1" crap="1" count="64"/>
        <line num="981" type="stmt" count="64"/>
        <line num="991" type="method" name="equals" visibility="public" complexity="5" crap="5" count="79"/>
        <line num="995" type="stmt" count="79"/>
        <line num="996" type="stmt" count="75"/>
        <line num="997" type="stmt" count="32"/>
        <line num="998" type="stmt" count="1"/>
        <line num="1002" type="stmt" count="78"/>
        <line num="1003" type="stmt" count="78"/>
        <line num="1015" type="method" name="__toString" visibility="public" complexity="7" crap="7" count="4"/>
        <line num="1019" type="stmt" count="4"/>
        <line num="1020" type="stmt" count="2"/>
        <line num="1024" type="stmt" count="3"/>
        <line num="1025" type="stmt" count="2"/>
        <line num="1026" type="stmt" count="2"/>
        <line num="1028" type="stmt" count="2"/>
        <line num="1029" type="stmt" count="2"/>
        <line num="1031" type="stmt" count="1"/>
        <line num="1035" type="stmt" count="2"/>
        <line num="1036" type="stmt" count="2"/>
        <line num="1037" type="stmt" count="2"/>
        <line num="1038" type="stmt" count="2"/>
        <line num="1046" type="method" name="toArray" visibility="public" complexity="1" crap="1" count="1"/>
        <line num="1048" type="stmt" count="1"/>
        <line num="1061" type="method" name="offsetExists" visibility="public" complexity="2" crap="2" count="3"/>
        <line num="1064" type="stmt" count="3"/>
        <line num="1074" type="method" name="offsetGet" visibility="public" complexity="3" crap="3" count="2"/>
        <line num="1078" type="stmt" count="2"/>
        <line num="1079" type="stmt" count="1"/>
        <line num="1083" type="stmt" count="1"/>
        <line num="1094" type="method" name="offsetSet" visibility="public" complexity="1" crap="1" count="1"/>
        <line num="1097" type="stmt" count="1"/>
        <line num="1107" type="method" name="offsetUnset" visibility="public" complexity="1" crap="1" count="1"/>
        <line num="1110" type="stmt" count="1"/>
        <metrics loc="1113" ncloc="604" classes="1" methods="53" coveredmethods="53" conditionals="0" coveredconditionals="0" statements="208" coveredstatements="208" elements="261" coveredelements="261"/>
      </file>
      <file name="C:\Users\shaun\Projects\PHP\Galaxon\Math\src\Rational.php">
        <class name="Galaxon\Math\Rational" namespace="Galaxon\Math">
          <metrics complexity="85" methods="21" coveredmethods="21" conditionals="0" coveredconditionals="0" statements="169" coveredstatements="169" elements="190" coveredelements="190"/>
        </class>
        <line num="68" type="method" name="__construct" visibility="public" complexity="14" crap="14" count="76"/>
        <line num="71" type="stmt" count="76"/>
        <line num="72" type="stmt" count="3"/>
        <line num="76" type="stmt" count="73"/>
        <line num="77" type="stmt" count="4"/>
        <line num="81" type="stmt" count="69"/>
        <line num="82" type="stmt" count="69"/>
        <line num="86" type="stmt" count="69"/>
        <line num="88" type="stmt" count="1"/>
        <line num="90" type="stmt" count="69"/>
        <line num="92" type="stmt" count="1"/>
        <line num="96" type="stmt" count="69"/>
        <line num="97" type="stmt" count="69"/>
        <line num="100" type="stmt" count="65"/>
        <line num="101" type="stmt" count="2"/>
        <line num="103" type="stmt" count="2"/>
        <line num="106" type="stmt" count="6"/>
        <line num="110" type="stmt" count="69"/>
        <line num="111" type="stmt" count="8"/>
        <line num="116" type="stmt" count="67"/>
        <line num="117" type="stmt" count="67"/>
        <line num="145" type="method" name="parse" visibility="public" complexity="6" crap="6" count="8"/>
        <line num="148" type="stmt" count="8"/>
        <line num="149" type="stmt" count="8"/>
        <line num="150" type="stmt" count="1"/>
        <line num="154" type="stmt" count="7"/>
        <line num="155" type="stmt" count="7"/>
        <line num="156" type="stmt" count="1"/>
        <line num="160" type="stmt" count="6"/>
        <line num="161" type="stmt" count="6"/>
        <line num="162" type="stmt" count="3"/>
        <line num="163" type="stmt" count="3"/>
        <line num="164" type="stmt" count="3"/>
        <line num="165" type="stmt" count="3"/>
        <line num="169" type="stmt" count="3"/>
        <line num="183" type="method" name="toRational" visibility="public" complexity="3" crap="3" count="17"/>
        <line num="186" type="stmt" count="17"/>
        <line num="187" type="stmt" count="8"/>
        <line num="191" type="stmt" count="11"/>
        <line num="192" type="stmt" count="2"/>
        <line num="196" type="stmt" count="9"/>
        <line num="208" type="method" name="toFloat" visibility="public" complexity="1" crap="1" count="8"/>
        <line num="210" type="stmt" count="8"/>
        <line num="218" type="method" name="toInt" visibility="public" complexity="1" crap="1" count="1"/>
        <line num="220" type="stmt" count="1"/>
        <line num="228" type="method" name="__toString" visibility="public" complexity="2" crap="2" count="3"/>
        <line num="231" type="stmt" count="3"/>
        <line num="243" type="method" name="neg" visibility="public" complexity="1" crap="1" count="3"/>
        <line num="245" type="stmt" count="3"/>
        <line num="255" type="method" name="add" visibility="public" complexity="1" crap="1" count="6"/>
        <line num="257" type="stmt" count="6"/>
        <line num="260" type="stmt" count="6"/>
        <line num="261" type="stmt" count="6"/>
        <line num="262" type="stmt" count="6"/>
        <line num="263" type="stmt" count="6"/>
        <line num="265" type="stmt" count="6"/>
        <line num="275" type="method" name="sub" visibility="public" complexity="1" crap="1" count="2"/>
        <line num="277" type="stmt" count="2"/>
        <line num="278" type="stmt" count="2"/>
        <line num="286" type="method" name="inv" visibility="public" complexity="3" crap="3" count="5"/>
        <line num="289" type="stmt" count="5"/>
        <line num="290" type="stmt" count="1"/>
        <line num="294" type="stmt" count="4"/>
        <line num="295" type="stmt" count="4"/>
        <line num="296" type="stmt" count="4"/>
        <line num="306" type="method" name="mul" visibility="public" complexity="1" crap="1" count="5"/>
        <line num="308" type="stmt" count="5"/>
        <line num="313" type="stmt" count="5"/>
        <line num="314" type="stmt" count="5"/>
        <line num="316" type="stmt" count="5"/>
        <line num="317" type="stmt" count="5"/>
        <line num="318" type="stmt" count="5"/>
        <line num="319" type="stmt" count="5"/>
        <line num="322" type="stmt" count="5"/>
        <line num="323" type="stmt" count="5"/>
        <line num="325" type="stmt" count="5"/>
        <line num="336" type="method" name="div" visibility="public" complexity="2" crap="2" count="3"/>
        <line num="339" type="stmt" count="3"/>
        <line num="340" type="stmt" count="3"/>
        <line num="341" type="stmt" count="1"/>
        <line num="344" type="stmt" count="2"/>
        <line num="355" type="method" name="pow" visibility="public" complexity="5" crap="5" count="5"/>
        <line num="359" type="stmt" count="5"/>
        <line num="360" type="stmt" count="1"/>
        <line num="364" type="stmt" count="4"/>
        <line num="366" type="stmt" count="2"/>
        <line num="367" type="stmt" count="1"/>
        <line num="371" type="stmt" count="1"/>
        <line num="375" type="stmt" count="2"/>
        <line num="376" type="stmt" count="1"/>
        <line num="380" type="stmt" count="2"/>
        <line num="381" type="stmt" count="2"/>
        <line num="384" type="stmt" count="2"/>
        <line num="392" type="method" name="abs" visibility="public" complexity="1" crap="1" count="1"/>
        <line num="394" type="stmt" count="1"/>
        <line num="402" type="method" name="floor" visibility="public" complexity="3" crap="3" count="1"/>
        <line num="404" type="stmt" count="1"/>
        <line num="405" type="stmt" count="1"/>
        <line num="407" type="stmt" count="1"/>
        <line num="408" type="stmt" count="1"/>
        <line num="416" type="method" name="ceil" visibility="public" complexity="3" crap="3" count="1"/>
        <line num="418" type="stmt" count="1"/>
        <line num="419" type="stmt" count="1"/>
        <line num="421" type="stmt" count="1"/>
        <line num="422" type="stmt" count="1"/>
        <line num="433" type="method" name="round" visibility="public" complexity="4" crap="4" count="1"/>
        <line num="435" type="stmt" count="1"/>
        <line num="436" type="stmt" count="1"/>
        <line num="439" type="stmt" count="1"/>
        <line num="440" type="stmt" count="1"/>
        <line num="443" type="stmt" count="1"/>
        <line num="444" type="stmt" count="1"/>
        <line num="446" type="stmt" count="1"/>
        <line num="449" type="stmt" count="1"/>
        <line num="465" type="method" name="compare" visibility="public" complexity="12" crap="12" count="22"/>
        <line num="469" type="stmt" count="22"/>
        <line num="470" type="stmt" count="2"/>
        <line num="474" type="stmt" count="20"/>
        <line num="475" type="stmt" count="2"/>
        <line num="479" type="stmt" count="20"/>
        <line num="480" type="stmt" count="1"/>
        <line num="485" type="stmt" count="20"/>
        <line num="486" type="stmt" count="4"/>
        <line num="487" type="stmt" count="4"/>
        <line num="490" type="stmt" count="16"/>
        <line num="492" type="stmt" count="11"/>
        <line num="493" type="stmt" count="11"/>
        <line num="497" type="stmt" count="11"/>
        <line num="498" type="stmt" count="11"/>
        <line num="499" type="stmt" count="1"/>
        <line num="504" type="stmt" count="1"/>
        <line num="505" type="stmt" count="1"/>
        <line num="512" type="stmt" count="20"/>
        <line num="521" type="method" name="equals" visibility="public" complexity="2" crap="2" count="6"/>
        <line num="525" type="stmt" count="6"/>
        <line num="526" type="stmt" count="1"/>
        <line num="527" type="stmt" count="1"/>
        <line num="543" type="method" name="simplify" visibility="private" complexity="6" crap="6" count="65"/>
        <line num="546" type="stmt" count="65"/>
        <line num="547" type="stmt" count="13"/>
        <line num="551" type="stmt" count="61"/>
        <line num="552" type="stmt" count="6"/>
        <line num="556" type="stmt" count="60"/>
        <line num="557" type="stmt" count="1"/>
        <line num="561" type="stmt" count="59"/>
        <line num="564" type="stmt" count="57"/>
        <line num="566" type="stmt" count="10"/>
        <line num="567" type="stmt" count="10"/>
        <line num="571" type="stmt" count="57"/>
        <line num="594" type="method" name="floatToRatio" visibility="public" complexity="13" crap="13" count="20"/>
        <line num="597" type="stmt" count="20"/>
        <line num="598" type="stmt" count="3"/>
        <line num="602" type="stmt" count="17"/>
        <line num="603" type="stmt" count="1"/>
        <line num="607" type="stmt" count="16"/>
        <line num="608" type="stmt" count="16"/>
        <line num="609" type="stmt" count="16"/>
        <line num="612" type="stmt" count="16"/>
        <line num="613" type="stmt" count="2"/>
        <line num="617" type="stmt" count="14"/>
        <line num="618" type="stmt" count="14"/>
        <line num="619" type="stmt" count="14"/>
        <line num="620" type="stmt" count="14"/>
        <line num="623" type="stmt" count="14"/>
        <line num="624" type="stmt" count="14"/>
        <line num="625" type="stmt" count="14"/>
        <line num="628" type="stmt" count="14"/>
        <line num="631" type="stmt" count="14"/>
        <line num="633" type="stmt" count="14"/>
        <line num="636" type="stmt" count="14"/>
        <line num="637" type="stmt" count="3"/>
        <line num="641" type="stmt" count="12"/>
        <line num="642" type="stmt" count="12"/>
        <line num="647" type="stmt" count="12"/>
        <line num="648" type="stmt" count="1"/>
        <line num="652" type="stmt" count="12"/>
        <line num="653" type="stmt" count="12"/>
        <line num="654" type="stmt" count="9"/>
        <line num="658" type="stmt" count="12"/>
        <line num="659" type="stmt" count="5"/>
        <line num="660" type="stmt" count="5"/>
        <line num="661" type="stmt" count="5"/>
        <line num="665" type="stmt" count="12"/>
        <line num="666" type="stmt" count="12"/>
        <line num="667" type="stmt" count="12"/>
        <line num="668" type="stmt" count="12"/>
        <line num="671" type="stmt" count="12"/>
        <line num="674" type="stmt" count="12"/>
        <line num="675" type="stmt" count="1"/>
        <line num="679" type="stmt" count="12"/>
        <metrics loc="685" ncloc="400" classes="1" methods="21" coveredmethods="21" conditionals="0" coveredconditionals="0" statements="169" coveredstatements="169" elements="190" coveredelements="190"/>
      </file>
    </package>
    <metrics files="2" loc="1798" ncloc="1004" classes="2" methods="74" coveredmethods="74" conditionals="0" coveredconditionals="0" statements="377" coveredstatements="377" elements="451" coveredelements="451"/>
  </project>
</coverage>
